<?xml version="1.0" encoding="UTF-8"?>
<!-- Generated by org.testng.reporters.JUnitReportReporter -->
<testsuite hostname="IMCTBCP88-MSL1" failures="0" tests="3" name="MavenDemoGroId.MavenDemoArtId.Bike" time="0.012" errors="0" timestamp="2022-08-01T08:28:45 IST" skipped="0">
  <testcase classname="MavenDemoGroId.MavenDemoArtId.Bike" name="yamaha" time="0.005"/>
  <system-out/>
  <testcase classname="MavenDemoGroId.MavenDemoArtId.Bike" name="bullet" time="0.001"/>
  <system-out/>
  <testcase classname="MavenDemoGroId.MavenDemoArtId.Bike" name="honda" time="0.006"/>
  <system-out/>
</testsuite> <!-- MavenDemoGroId.MavenDemoArtId.Bike -->
