<?xml version="1.0" encoding="UTF-8"?>
<!-- Generated by org.testng.reporters.JUnitReportReporter -->
<testsuite hostname="IMCTBCP88-MSL1" failures="0" tests="1" name="MavenDemoGroId.MavenDemoArtId.RacingBikes" time="0.005" errors="0" timestamp="2022-08-01T08:28:45 IST" skipped="0">
  <testcase classname="MavenDemoGroId.MavenDemoArtId.RacingBikes" name="FZ" time="0.005"/>
  <system-out/>
</testsuite> <!-- MavenDemoGroId.MavenDemoArtId.RacingBikes -->
