<?xml version="1.0" encoding="UTF-8"?>
<!-- Generated by org.testng.reporters.JUnitReportReporter -->
<testsuite skipped="0" hostname="IMCTBCP88-MSL1" name="MavenDemoGroId.MavenDemoArtId.Car" tests="3" failures="0" timestamp="2022-07-27T08:25:52 IST" time="0.001" errors="0">
  <testcase name="brezza" time="0.000" classname="MavenDemoGroId.MavenDemoArtId.Car"/>
  <system-out/>
  <testcase name="kia" time="0.000" classname="MavenDemoGroId.MavenDemoArtId.Car"/>
  <system-out/>
  <testcase name="swift" time="0.001" classname="MavenDemoGroId.MavenDemoArtId.Car"/>
  <system-out/>
</testsuite> <!-- MavenDemoGroId.MavenDemoArtId.Car -->
