<?xml version="1.0" encoding="UTF-8"?>
<!-- Generated by org.testng.reporters.JUnitReportReporter -->
<testsuite skipped="0" hostname="IMCTBCP88-MSL1" name="Package2.Cycle" tests="1" failures="0" timestamp="2022-07-27T08:26:26 IST" time="0.000" errors="0">
  <testcase name="Hercules" time="0.000" classname="Package2.Cycle"/>
  <system-out/>
</testsuite> <!-- Package2.Cycle -->
