<?xml version="1.0" encoding="UTF-8"?>
<!-- Generated by org.testng.reporters.JUnitReportReporter -->
<testsuite skipped="0" hostname="IMCTBCP88-MSL1" name="MavenDemoGroId.MavenDemoArtId.Bike" tests="1" failures="0" timestamp="2022-07-27T08:26:26 IST" time="0.005" errors="0">
  <testcase name="yamaha" time="0.005" classname="MavenDemoGroId.MavenDemoArtId.Bike"/>
  <system-out/>
</testsuite> <!-- MavenDemoGroId.MavenDemoArtId.Bike -->
